<?xml version="1.0" encoding="UTF-8"?>
<!-- Generated by org.testng.reporters.JUnitReportReporter -->
<testsuite skipped="0" hostname="DESKTOP-BNPQ94L" name="Demo1.DemoProg" tests="1" failures="0" timestamp="27 Aug 2019 08:34:58 GMT" time="22.764" errors="0">
  <testcase name="A" time="22.764" classname="Demo1.DemoProg"/>
</testsuite> <!-- Demo1.DemoProg -->
